2025-12-11 12:11:37,112 | INFO | ETL | <module> | line 83 | Logging system initialized.
2025-12-11 12:32:40,496 | INFO | ETL | <module> | line 83 | Logging system initialized.
2025-12-11 12:32:40,531 | WARNING | etl.transform.weekly_check_transformer | transform | line 24 | [WeeklyCheckTransformer] Empty raw dataframe
2025-12-11 19:48:46,639 | INFO | ETL | <module> | line 83 | Logging system initialized.
2025-12-11 20:06:45,707 | INFO | ETL | <module> | line 83 | Logging system initialized.
2025-12-11 20:25:02,575 | INFO | ETL | <module> | line 83 | Logging system initialized.
2025-12-11 20:25:22,792 | INFO | ETL | <module> | line 83 | Logging system initialized.
2025-12-11 20:35:45,544 | INFO | ETL | <module> | line 83 | Logging system initialized.
2025-12-11 20:53:24,334 | INFO | ETL | <module> | line 83 | Logging system initialized.
2025-12-11 21:00:47,974 | INFO | ETL | <module> | line 83 | Logging system initialized.
2025-12-11 21:05:47,647 | INFO | ETL | <module> | line 83 | Logging system initialized.
2025-12-11 21:30:02,624 | INFO | ETL | <module> | line 83 | Logging system initialized.
2025-12-11 21:49:49,456 | INFO | ETL | <module> | line 83 | Logging system initialized.
2025-12-11 21:50:04,012 | INFO | etl.transform.weekly_check_transformer | transform | line 40 | [WeeklyCheckTransformer] Transformation complete.
2025-12-15 15:13:13,370 | INFO | ETL | <module> | line 86 | Logging system initialized.
2025-12-15 15:13:16,721 | INFO | transform.daily_record_transformer | transform | line 67 | [DailyRecordTransformer] Transformation complete.
2025-12-15 15:13:19,716 | INFO | transform.expenses_transformer | transform | line 60 | [ExpensesTransformer] Transformation complete.
2025-12-15 17:50:49,956 | INFO | ETL | <module> | line 86 | Logging system initialized.
2025-12-15 17:50:54,201 | INFO | transform.daily_record_transformer | transform | line 67 | [DailyRecordTransformer] Transformation complete.
2025-12-15 17:50:56,637 | INFO | transform.expenses_transformer | transform | line 60 | [ExpensesTransformer] Transformation complete.
2025-12-17 18:26:33,118 | INFO | ETL | <module> | line 86 | Logging system initialized.
2025-12-17 18:26:36,031 | INFO | transform.daily_record_transformer | transform | line 67 | [DailyRecordTransformer] Transformation complete.
2025-12-17 18:26:38,615 | INFO | transform.expenses_transformer | transform | line 60 | [ExpensesTransformer] Transformation complete.
2025-12-17 19:09:48,724 | INFO | ETL | <module> | line 86 | Logging system initialized.
2025-12-17 19:20:38,253 | INFO | ETL | <module> | line 86 | Logging system initialized.
2025-12-17 19:36:06,937 | INFO | ETL | <module> | line 86 | Logging system initialized.
2025-12-17 19:43:42,745 | INFO | ETL | <module> | line 86 | Logging system initialized.
2025-12-17 19:48:07,089 | INFO | ETL | <module> | line 86 | Logging system initialized.
2025-12-17 19:48:35,392 | INFO | ETL | <module> | line 86 | Logging system initialized.
2025-12-17 20:05:50,948 | INFO | ETL | <module> | line 86 | Logging system initialized.
2025-12-17 20:05:55,701 | INFO | transform.daily_record_transformer | transform | line 67 | [DailyRecordTransformer] Transformation complete.
2025-12-17 20:05:59,824 | INFO | transform.expenses_transformer | transform | line 60 | [ExpensesTransformer] Transformation complete.
2025-12-17 20:11:47,863 | INFO | ETL | <module> | line 86 | Logging system initialized.
2025-12-17 20:11:52,356 | INFO | transform.daily_record_transformer | transform | line 67 | [DailyRecordTransformer] Transformation complete.
2025-12-17 20:11:56,726 | INFO | transform.expenses_transformer | transform | line 60 | [ExpensesTransformer] Transformation complete.
2025-12-17 20:13:14,249 | INFO | ETL | <module> | line 86 | Logging system initialized.
2025-12-17 20:13:17,545 | INFO | transform.daily_record_transformer | transform | line 67 | [DailyRecordTransformer] Transformation complete.
2025-12-17 20:13:21,721 | INFO | transform.expenses_transformer | transform | line 60 | [ExpensesTransformer] Transformation complete.
2025-12-17 20:19:41,500 | INFO | ETL | <module> | line 86 | Logging system initialized.
2025-12-17 20:19:46,465 | INFO | transform.daily_record_transformer | transform | line 67 | [DailyRecordTransformer] Transformation complete.
2025-12-17 20:19:50,843 | INFO | transform.expenses_transformer | transform | line 60 | [ExpensesTransformer] Transformation complete.
2025-12-17 20:25:02,217 | INFO | ETL | <module> | line 86 | Logging system initialized.
2025-12-17 20:25:05,527 | INFO | transform.daily_record_transformer | transform | line 67 | [DailyRecordTransformer] Transformation complete.
2025-12-17 20:25:09,614 | INFO | transform.expenses_transformer | transform | line 60 | [ExpensesTransformer] Transformation complete.
2025-12-17 20:25:13,688 | INFO | transform.kpi_target_transformer | transform | line 37 | [KPITargetTransformer] Transformation complete.
2025-12-17 20:25:17,996 | INFO | transform.weekly_check_transformer | transform | line 40 | [WeeklyCheckTransformer] Transformation complete.
2025-12-17 20:36:31,770 | INFO | ETL | <module> | line 86 | Logging system initialized.
2025-12-17 20:36:35,305 | INFO | transform.daily_record_transformer | transform | line 67 | [DailyRecordTransformer] Transformation complete.
2025-12-17 20:36:38,664 | INFO | transform.expenses_transformer | transform | line 60 | [ExpensesTransformer] Transformation complete.
2025-12-17 20:36:42,486 | INFO | transform.kpi_target_transformer | transform | line 37 | [KPITargetTransformer] Transformation complete.
2025-12-17 20:36:46,127 | INFO | transform.weekly_check_transformer | transform | line 40 | [WeeklyCheckTransformer] Transformation complete.
2025-12-17 20:41:24,009 | INFO | ETL | <module> | line 86 | Logging system initialized.
2025-12-17 20:41:28,375 | INFO | transform.daily_record_transformer | transform | line 67 | [DailyRecordTransformer] Transformation complete.
2025-12-17 20:41:32,504 | INFO | transform.expenses_transformer | transform | line 60 | [ExpensesTransformer] Transformation complete.
2025-12-17 20:41:36,014 | INFO | transform.kpi_target_transformer | transform | line 37 | [KPITargetTransformer] Transformation complete.
2025-12-17 20:41:40,659 | INFO | transform.weekly_check_transformer | transform | line 40 | [WeeklyCheckTransformer] Transformation complete.
2025-12-17 20:45:18,015 | INFO | ETL | <module> | line 86 | Logging system initialized.
2025-12-17 20:45:21,642 | INFO | transform.daily_record_transformer | transform | line 67 | [DailyRecordTransformer] Transformation complete.
2025-12-17 20:45:25,917 | INFO | transform.expenses_transformer | transform | line 60 | [ExpensesTransformer] Transformation complete.
2025-12-17 20:45:30,349 | INFO | transform.kpi_target_transformer | transform | line 37 | [KPITargetTransformer] Transformation complete.
2025-12-17 20:45:35,039 | INFO | transform.weekly_check_transformer | transform | line 40 | [WeeklyCheckTransformer] Transformation complete.
2025-12-17 20:46:57,304 | INFO | ETL | <module> | line 86 | Logging system initialized.
2025-12-17 20:47:01,581 | INFO | transform.daily_record_transformer | transform | line 67 | [DailyRecordTransformer] Transformation complete.
2025-12-17 20:47:05,345 | INFO | transform.expenses_transformer | transform | line 60 | [ExpensesTransformer] Transformation complete.
2025-12-17 20:47:08,404 | INFO | transform.kpi_target_transformer | transform | line 37 | [KPITargetTransformer] Transformation complete.
2025-12-17 20:47:12,402 | INFO | transform.weekly_check_transformer | transform | line 40 | [WeeklyCheckTransformer] Transformation complete.
2025-12-17 20:57:21,878 | INFO | ETL | <module> | line 86 | Logging system initialized.
2025-12-17 20:57:26,009 | INFO | transform.daily_record_transformer | transform | line 67 | [DailyRecordTransformer] Transformation complete.
2025-12-17 20:57:30,089 | INFO | transform.expenses_transformer | transform | line 60 | [ExpensesTransformer] Transformation complete.
2025-12-17 20:57:33,967 | INFO | transform.kpi_target_transformer | transform | line 37 | [KPITargetTransformer] Transformation complete.
2025-12-17 20:57:38,206 | INFO | transform.weekly_check_transformer | transform | line 40 | [WeeklyCheckTransformer] Transformation complete.
2025-12-17 21:06:26,173 | INFO | ETL | <module> | line 86 | Logging system initialized.
2025-12-17 21:06:29,452 | INFO | transform.daily_record_transformer | transform | line 67 | [DailyRecordTransformer] Transformation complete.
2025-12-17 21:06:33,334 | INFO | transform.expenses_transformer | transform | line 60 | [ExpensesTransformer] Transformation complete.
2025-12-17 21:06:38,020 | INFO | transform.kpi_target_transformer | transform | line 37 | [KPITargetTransformer] Transformation complete.
2025-12-17 21:06:41,905 | INFO | transform.weekly_check_transformer | transform | line 40 | [WeeklyCheckTransformer] Transformation complete.
2025-12-17 21:12:48,098 | INFO | ETL | <module> | line 86 | Logging system initialized.
2025-12-17 21:12:52,424 | INFO | transform.daily_record_transformer | transform | line 67 | [DailyRecordTransformer] Transformation complete.
2025-12-17 21:12:56,301 | INFO | transform.expenses_transformer | transform | line 60 | [ExpensesTransformer] Transformation complete.
2025-12-17 21:13:00,510 | INFO | transform.kpi_target_transformer | transform | line 37 | [KPITargetTransformer] Transformation complete.
2025-12-17 21:13:05,496 | INFO | transform.weekly_check_transformer | transform | line 40 | [WeeklyCheckTransformer] Transformation complete.
2025-12-17 21:16:47,312 | INFO | ETL | <module> | line 86 | Logging system initialized.
2025-12-17 21:16:51,430 | INFO | transform.daily_record_transformer | transform | line 67 | [DailyRecordTransformer] Transformation complete.
2025-12-17 21:16:55,137 | INFO | transform.expenses_transformer | transform | line 60 | [ExpensesTransformer] Transformation complete.
2025-12-17 21:16:59,453 | INFO | transform.kpi_target_transformer | transform | line 37 | [KPITargetTransformer] Transformation complete.
2025-12-17 21:17:03,762 | INFO | transform.weekly_check_transformer | transform | line 40 | [WeeklyCheckTransformer] Transformation complete.
2025-12-17 21:40:42,212 | INFO | ETL | <module> | line 86 | Logging system initialized.
2025-12-17 21:40:46,867 | INFO | transform.daily_record_transformer | transform | line 67 | [DailyRecordTransformer] Transformation complete.
2025-12-17 21:40:50,944 | INFO | transform.expenses_transformer | transform | line 60 | [ExpensesTransformer] Transformation complete.
2025-12-17 21:40:55,737 | INFO | transform.kpi_target_transformer | transform | line 37 | [KPITargetTransformer] Transformation complete.
2025-12-17 21:40:59,147 | INFO | transform.weekly_check_transformer | transform | line 40 | [WeeklyCheckTransformer] Transformation complete.
2025-12-17 21:53:28,506 | INFO | ETL | <module> | line 86 | Logging system initialized.
2025-12-17 21:53:32,845 | INFO | transform.daily_record_transformer | transform | line 67 | [DailyRecordTransformer] Transformation complete.
2025-12-17 21:53:37,114 | INFO | transform.expenses_transformer | transform | line 60 | [ExpensesTransformer] Transformation complete.
2025-12-17 21:53:42,006 | INFO | transform.kpi_target_transformer | transform | line 37 | [KPITargetTransformer] Transformation complete.
2025-12-17 21:53:45,984 | INFO | transform.weekly_check_transformer | transform | line 40 | [WeeklyCheckTransformer] Transformation complete.
2025-12-17 22:18:09,822 | INFO | ETL | <module> | line 86 | Logging system initialized.
2025-12-17 22:18:13,941 | INFO | transform.daily_record_transformer | transform | line 67 | [DailyRecordTransformer] Transformation complete.
2025-12-17 22:18:17,688 | INFO | transform.expenses_transformer | transform | line 60 | [ExpensesTransformer] Transformation complete.
2025-12-17 22:18:20,852 | INFO | transform.kpi_target_transformer | transform | line 37 | [KPITargetTransformer] Transformation complete.
2025-12-17 22:18:24,743 | INFO | transform.weekly_check_transformer | transform | line 40 | [WeeklyCheckTransformer] Transformation complete.
2025-12-17 22:22:37,348 | INFO | ETL | <module> | line 86 | Logging system initialized.
2025-12-17 22:22:40,062 | INFO | transform.daily_record_transformer | transform | line 67 | [DailyRecordTransformer] Transformation complete.
2025-12-17 22:22:42,599 | INFO | transform.expenses_transformer | transform | line 60 | [ExpensesTransformer] Transformation complete.
2025-12-17 22:22:46,267 | INFO | transform.kpi_target_transformer | transform | line 37 | [KPITargetTransformer] Transformation complete.
2025-12-17 22:22:49,952 | INFO | transform.weekly_check_transformer | transform | line 40 | [WeeklyCheckTransformer] Transformation complete.
2025-12-18 11:51:13,865 | INFO | ETL | <module> | line 86 | Logging system initialized.
2025-12-18 11:51:16,167 | INFO | transform.daily_record_transformer | transform | line 67 | [DailyRecordTransformer] Transformation complete.
2025-12-18 11:51:17,779 | INFO | transform.expenses_transformer | transform | line 60 | [ExpensesTransformer] Transformation complete.
2025-12-18 11:51:19,357 | INFO | transform.kpi_target_transformer | transform | line 37 | [KPITargetTransformer] Transformation complete.
2025-12-18 11:51:21,474 | INFO | transform.weekly_check_transformer | transform | line 40 | [WeeklyCheckTransformer] Transformation complete.
2025-12-24 09:19:17,723 | INFO | ETL | <module> | line 86 | Logging system initialized.
2025-12-24 09:19:20,680 | INFO | transform.daily_record_transformer | transform | line 68 | [DailyRecordTransformer] Transformation complete.
2025-12-24 09:19:22,734 | INFO | transform.expenses_transformer | transform | line 60 | [ExpensesTransformer] Transformation complete.
2025-12-24 09:19:25,145 | INFO | transform.kpi_target_transformer | transform | line 37 | [KPITargetTransformer] Transformation complete.
2025-12-24 09:19:27,084 | INFO | transform.weekly_check_transformer | transform | line 40 | [WeeklyCheckTransformer] Transformation complete.
2025-12-24 09:33:28,932 | INFO | ETL | <module> | line 86 | Logging system initialized.
2025-12-24 09:33:31,594 | INFO | transform.daily_record_transformer | transform | line 68 | [DailyRecordTransformer] Transformation complete.
2025-12-24 09:33:33,649 | INFO | transform.expenses_transformer | transform | line 60 | [ExpensesTransformer] Transformation complete.
2025-12-24 09:33:35,684 | INFO | transform.kpi_target_transformer | transform | line 37 | [KPITargetTransformer] Transformation complete.
2025-12-24 09:33:37,646 | INFO | transform.weekly_check_transformer | transform | line 40 | [WeeklyCheckTransformer] Transformation complete.
2025-12-24 09:43:29,294 | INFO | ETL | <module> | line 86 | Logging system initialized.
2025-12-24 09:43:34,210 | INFO | transform.expenses_transformer | transform | line 60 | [ExpensesTransformer] Transformation complete.
2025-12-24 09:43:36,339 | INFO | transform.kpi_target_transformer | transform | line 37 | [KPITargetTransformer] Transformation complete.
2025-12-24 09:43:38,602 | INFO | transform.weekly_check_transformer | transform | line 40 | [WeeklyCheckTransformer] Transformation complete.
2025-12-24 10:03:12,665 | INFO | ETL | <module> | line 86 | Logging system initialized.
2025-12-24 10:03:16,902 | INFO | transform.daily_record_transformer | transform | line 68 | [DailyRecordTransformer] Transformation complete.
2025-12-24 10:03:19,519 | INFO | transform.expenses_transformer | transform | line 60 | [ExpensesTransformer] Transformation complete.
2025-12-24 10:03:22,263 | INFO | transform.kpi_target_transformer | transform | line 37 | [KPITargetTransformer] Transformation complete.
2025-12-24 10:03:24,874 | INFO | transform.weekly_check_transformer | transform | line 40 | [WeeklyCheckTransformer] Transformation complete.
2025-12-24 10:07:36,756 | INFO | ETL | <module> | line 86 | Logging system initialized.
2025-12-24 10:07:40,760 | INFO | transform.daily_record_transformer | transform | line 68 | [DailyRecordTransformer] Transformation complete.
2025-12-24 10:07:43,886 | INFO | transform.expenses_transformer | transform | line 60 | [ExpensesTransformer] Transformation complete.
2025-12-24 10:07:46,719 | INFO | transform.kpi_target_transformer | transform | line 37 | [KPITargetTransformer] Transformation complete.
2025-12-24 10:07:49,641 | INFO | transform.weekly_check_transformer | transform | line 40 | [WeeklyCheckTransformer] Transformation complete.
2025-12-24 10:13:57,299 | INFO | ETL | <module> | line 86 | Logging system initialized.
2025-12-24 10:14:02,642 | INFO | transform.daily_record_transformer | transform | line 68 | [DailyRecordTransformer] Transformation complete.
2025-12-24 10:14:05,954 | INFO | transform.expenses_transformer | transform | line 60 | [ExpensesTransformer] Transformation complete.
2025-12-24 10:14:10,017 | INFO | transform.kpi_target_transformer | transform | line 37 | [KPITargetTransformer] Transformation complete.
2025-12-24 10:14:13,312 | INFO | transform.weekly_check_transformer | transform | line 40 | [WeeklyCheckTransformer] Transformation complete.
2025-12-24 10:19:58,114 | INFO | ETL | <module> | line 86 | Logging system initialized.
2025-12-24 10:20:02,097 | INFO | transform.daily_record_transformer | transform | line 68 | [DailyRecordTransformer] Transformation complete.
2025-12-24 10:20:05,271 | INFO | transform.expenses_transformer | transform | line 60 | [ExpensesTransformer] Transformation complete.
2025-12-24 10:20:08,882 | INFO | transform.kpi_target_transformer | transform | line 37 | [KPITargetTransformer] Transformation complete.
2025-12-24 10:20:12,566 | INFO | transform.weekly_check_transformer | transform | line 40 | [WeeklyCheckTransformer] Transformation complete.
2025-12-24 11:21:57,496 | INFO | ETL | <module> | line 86 | Logging system initialized.
2025-12-24 11:22:00,595 | INFO | transform.daily_record_transformer | transform | line 68 | [DailyRecordTransformer] Transformation complete.
2025-12-24 11:22:02,754 | INFO | transform.expenses_transformer | transform | line 60 | [ExpensesTransformer] Transformation complete.
2025-12-24 11:22:04,787 | INFO | transform.kpi_target_transformer | transform | line 37 | [KPITargetTransformer] Transformation complete.
2025-12-24 11:22:06,813 | INFO | transform.weekly_check_transformer | transform | line 40 | [WeeklyCheckTransformer] Transformation complete.
2025-12-24 11:23:54,080 | INFO | ETL | <module> | line 86 | Logging system initialized.
2025-12-24 11:23:57,286 | INFO | transform.daily_record_transformer | transform | line 68 | [DailyRecordTransformer] Transformation complete.
2025-12-24 11:23:59,380 | INFO | transform.expenses_transformer | transform | line 60 | [ExpensesTransformer] Transformation complete.
2025-12-24 11:24:01,566 | INFO | transform.kpi_target_transformer | transform | line 37 | [KPITargetTransformer] Transformation complete.
2025-12-24 11:24:03,708 | INFO | transform.weekly_check_transformer | transform | line 40 | [WeeklyCheckTransformer] Transformation complete.
2025-12-24 11:25:24,067 | INFO | ETL | <module> | line 86 | Logging system initialized.
2025-12-24 11:25:26,701 | INFO | transform.daily_record_transformer | transform | line 68 | [DailyRecordTransformer] Transformation complete.
2025-12-24 11:25:29,094 | INFO | transform.expenses_transformer | transform | line 60 | [ExpensesTransformer] Transformation complete.
2025-12-24 11:25:31,195 | INFO | transform.kpi_target_transformer | transform | line 37 | [KPITargetTransformer] Transformation complete.
2025-12-24 11:25:33,741 | INFO | transform.weekly_check_transformer | transform | line 40 | [WeeklyCheckTransformer] Transformation complete.
2025-12-24 11:27:02,347 | INFO | ETL | <module> | line 86 | Logging system initialized.
2025-12-24 11:27:05,382 | INFO | transform.daily_record_transformer | transform | line 68 | [DailyRecordTransformer] Transformation complete.
2025-12-24 11:27:08,172 | INFO | transform.expenses_transformer | transform | line 60 | [ExpensesTransformer] Transformation complete.
2025-12-24 11:27:10,574 | INFO | transform.kpi_target_transformer | transform | line 37 | [KPITargetTransformer] Transformation complete.
2025-12-24 11:27:12,707 | INFO | transform.weekly_check_transformer | transform | line 40 | [WeeklyCheckTransformer] Transformation complete.
2025-12-24 11:30:08,869 | INFO | ETL | <module> | line 86 | Logging system initialized.
2025-12-24 11:30:12,291 | INFO | transform.daily_record_transformer | transform | line 68 | [DailyRecordTransformer] Transformation complete.
2025-12-24 11:30:15,383 | INFO | transform.expenses_transformer | transform | line 60 | [ExpensesTransformer] Transformation complete.
2025-12-24 11:30:17,928 | INFO | transform.kpi_target_transformer | transform | line 37 | [KPITargetTransformer] Transformation complete.
2025-12-24 11:30:20,446 | INFO | transform.weekly_check_transformer | transform | line 40 | [WeeklyCheckTransformer] Transformation complete.
2025-12-24 11:31:44,338 | INFO | ETL | <module> | line 86 | Logging system initialized.
2025-12-24 11:31:46,984 | INFO | transform.daily_record_transformer | transform | line 68 | [DailyRecordTransformer] Transformation complete.
2025-12-24 11:31:49,389 | INFO | transform.expenses_transformer | transform | line 60 | [ExpensesTransformer] Transformation complete.
2025-12-24 11:31:51,652 | INFO | transform.kpi_target_transformer | transform | line 37 | [KPITargetTransformer] Transformation complete.
2025-12-24 11:31:53,929 | INFO | transform.weekly_check_transformer | transform | line 40 | [WeeklyCheckTransformer] Transformation complete.
2025-12-24 11:33:52,237 | INFO | ETL | <module> | line 86 | Logging system initialized.
2025-12-24 11:33:55,393 | INFO | transform.daily_record_transformer | transform | line 68 | [DailyRecordTransformer] Transformation complete.
2025-12-24 11:33:57,925 | INFO | transform.expenses_transformer | transform | line 60 | [ExpensesTransformer] Transformation complete.
2025-12-24 11:34:00,221 | INFO | transform.kpi_target_transformer | transform | line 37 | [KPITargetTransformer] Transformation complete.
2025-12-24 11:34:02,974 | INFO | transform.weekly_check_transformer | transform | line 40 | [WeeklyCheckTransformer] Transformation complete.
2025-12-24 11:48:19,003 | INFO | ETL | <module> | line 86 | Logging system initialized.
2025-12-24 11:48:22,819 | INFO | transform.daily_record_transformer | transform | line 68 | [DailyRecordTransformer] Transformation complete.
2025-12-24 11:48:25,138 | INFO | transform.expenses_transformer | transform | line 60 | [ExpensesTransformer] Transformation complete.
2025-12-24 11:48:27,470 | INFO | transform.kpi_target_transformer | transform | line 37 | [KPITargetTransformer] Transformation complete.
2025-12-24 11:48:30,152 | INFO | transform.weekly_check_transformer | transform | line 40 | [WeeklyCheckTransformer] Transformation complete.
2025-12-24 11:51:19,080 | INFO | ETL | <module> | line 86 | Logging system initialized.
2025-12-24 11:51:21,652 | INFO | transform.daily_record_transformer | transform | line 68 | [DailyRecordTransformer] Transformation complete.
2025-12-24 11:51:24,145 | INFO | transform.expenses_transformer | transform | line 60 | [ExpensesTransformer] Transformation complete.
2025-12-24 11:51:26,212 | INFO | transform.kpi_target_transformer | transform | line 37 | [KPITargetTransformer] Transformation complete.
2025-12-24 11:51:28,176 | INFO | transform.weekly_check_transformer | transform | line 40 | [WeeklyCheckTransformer] Transformation complete.
2025-12-24 11:59:30,978 | INFO | ETL | <module> | line 86 | Logging system initialized.
2025-12-24 11:59:34,541 | INFO | transform.daily_record_transformer | transform | line 68 | [DailyRecordTransformer] Transformation complete.
2025-12-24 11:59:37,281 | INFO | transform.expenses_transformer | transform | line 60 | [ExpensesTransformer] Transformation complete.
2025-12-24 11:59:39,777 | INFO | transform.kpi_target_transformer | transform | line 37 | [KPITargetTransformer] Transformation complete.
2025-12-24 11:59:42,043 | INFO | transform.weekly_check_transformer | transform | line 40 | [WeeklyCheckTransformer] Transformation complete.
2025-12-24 12:08:26,412 | INFO | ETL | <module> | line 86 | Logging system initialized.
2025-12-24 12:08:29,874 | INFO | transform.daily_record_transformer | transform | line 68 | [DailyRecordTransformer] Transformation complete.
2025-12-24 12:08:32,329 | INFO | transform.expenses_transformer | transform | line 60 | [ExpensesTransformer] Transformation complete.
2025-12-24 12:08:34,502 | INFO | transform.kpi_target_transformer | transform | line 37 | [KPITargetTransformer] Transformation complete.
2025-12-24 12:08:37,106 | INFO | transform.weekly_check_transformer | transform | line 40 | [WeeklyCheckTransformer] Transformation complete.
2025-12-24 12:26:01,929 | INFO | ETL | <module> | line 86 | Logging system initialized.
2025-12-24 12:26:05,229 | INFO | transform.daily_record_transformer | transform | line 68 | [DailyRecordTransformer] Transformation complete.
2025-12-24 12:26:07,534 | INFO | transform.expenses_transformer | transform | line 60 | [ExpensesTransformer] Transformation complete.
2025-12-24 12:26:10,300 | INFO | transform.kpi_target_transformer | transform | line 37 | [KPITargetTransformer] Transformation complete.
2025-12-24 12:26:13,277 | INFO | transform.weekly_check_transformer | transform | line 40 | [WeeklyCheckTransformer] Transformation complete.
2025-12-24 12:48:19,135 | INFO | ETL | <module> | line 86 | Logging system initialized.
2025-12-24 12:48:22,128 | INFO | transform.daily_record_transformer | transform | line 68 | [DailyRecordTransformer] Transformation complete.
2025-12-24 12:48:24,466 | INFO | transform.expenses_transformer | transform | line 60 | [ExpensesTransformer] Transformation complete.
2025-12-24 12:48:26,531 | INFO | transform.kpi_target_transformer | transform | line 37 | [KPITargetTransformer] Transformation complete.
2025-12-24 12:48:28,615 | INFO | transform.weekly_check_transformer | transform | line 40 | [WeeklyCheckTransformer] Transformation complete.
2025-12-24 12:50:04,366 | INFO | ETL | <module> | line 86 | Logging system initialized.
2025-12-24 12:50:07,082 | INFO | transform.daily_record_transformer | transform | line 68 | [DailyRecordTransformer] Transformation complete.
2025-12-24 12:50:09,957 | INFO | transform.expenses_transformer | transform | line 60 | [ExpensesTransformer] Transformation complete.
2025-12-24 12:50:12,346 | INFO | transform.kpi_target_transformer | transform | line 37 | [KPITargetTransformer] Transformation complete.
2025-12-24 12:50:14,682 | INFO | transform.weekly_check_transformer | transform | line 40 | [WeeklyCheckTransformer] Transformation complete.
2025-12-24 13:00:29,519 | INFO | ETL | <module> | line 86 | Logging system initialized.
2025-12-24 13:00:32,580 | INFO | transform.daily_record_transformer | transform | line 68 | [DailyRecordTransformer] Transformation complete.
2025-12-24 13:00:34,821 | INFO | transform.expenses_transformer | transform | line 60 | [ExpensesTransformer] Transformation complete.
2025-12-24 13:00:37,375 | INFO | transform.kpi_target_transformer | transform | line 37 | [KPITargetTransformer] Transformation complete.
2025-12-24 13:00:39,412 | INFO | transform.weekly_check_transformer | transform | line 40 | [WeeklyCheckTransformer] Transformation complete.
2025-12-26 12:42:06,358 | INFO | ETL | <module> | line 86 | Logging system initialized.
2025-12-26 12:42:10,706 | INFO | transform.daily_record_transformer | transform | line 68 | [DailyRecordTransformer] Transformation complete.
2025-12-26 12:42:13,979 | INFO | transform.expenses_transformer | transform | line 60 | [ExpensesTransformer] Transformation complete.
2025-12-26 12:42:16,685 | INFO | transform.kpi_target_transformer | transform | line 37 | [KPITargetTransformer] Transformation complete.
2025-12-26 12:42:19,527 | INFO | transform.weekly_check_transformer | transform | line 40 | [WeeklyCheckTransformer] Transformation complete.
2025-12-26 12:49:40,792 | INFO | ETL | <module> | line 86 | Logging system initialized.
2025-12-26 12:49:44,294 | INFO | transform.daily_record_transformer | transform | line 68 | [DailyRecordTransformer] Transformation complete.
2025-12-26 12:49:46,746 | INFO | transform.expenses_transformer | transform | line 60 | [ExpensesTransformer] Transformation complete.
2025-12-26 12:49:49,289 | INFO | transform.kpi_target_transformer | transform | line 37 | [KPITargetTransformer] Transformation complete.
2025-12-26 12:49:51,956 | INFO | transform.weekly_check_transformer | transform | line 40 | [WeeklyCheckTransformer] Transformation complete.
2025-12-26 12:51:58,255 | INFO | ETL | <module> | line 86 | Logging system initialized.
2025-12-26 12:52:01,328 | INFO | transform.daily_record_transformer | transform | line 68 | [DailyRecordTransformer] Transformation complete.
2025-12-26 12:52:04,376 | INFO | transform.expenses_transformer | transform | line 60 | [ExpensesTransformer] Transformation complete.
2025-12-26 12:52:08,361 | INFO | transform.kpi_target_transformer | transform | line 37 | [KPITargetTransformer] Transformation complete.
2025-12-26 12:52:11,169 | INFO | transform.weekly_check_transformer | transform | line 40 | [WeeklyCheckTransformer] Transformation complete.
2025-12-26 12:56:11,504 | INFO | ETL | <module> | line 86 | Logging system initialized.
2025-12-26 12:56:14,541 | INFO | transform.daily_record_transformer | transform | line 68 | [DailyRecordTransformer] Transformation complete.
2025-12-26 12:56:17,105 | INFO | transform.expenses_transformer | transform | line 60 | [ExpensesTransformer] Transformation complete.
2025-12-26 12:56:19,638 | INFO | transform.kpi_target_transformer | transform | line 37 | [KPITargetTransformer] Transformation complete.
2025-12-26 12:56:21,928 | INFO | transform.weekly_check_transformer | transform | line 40 | [WeeklyCheckTransformer] Transformation complete.
2025-12-26 12:57:39,041 | INFO | ETL | <module> | line 86 | Logging system initialized.
2025-12-26 13:01:35,084 | INFO | ETL | <module> | line 86 | Logging system initialized.
2025-12-26 13:04:45,166 | INFO | ETL | <module> | line 86 | Logging system initialized.
2025-12-26 13:06:55,428 | INFO | ETL | <module> | line 86 | Logging system initialized.
2025-12-26 13:08:22,969 | INFO | ETL | <module> | line 86 | Logging system initialized.
2025-12-26 13:08:25,823 | INFO | transform.daily_record_transformer | transform | line 68 | [DailyRecordTransformer] Transformation complete.
2025-12-26 13:12:01,958 | INFO | ETL | <module> | line 86 | Logging system initialized.
2025-12-26 13:12:05,412 | INFO | transform.daily_record_transformer | transform | line 68 | [DailyRecordTransformer] Transformation complete.
2025-12-26 13:13:54,656 | INFO | ETL | <module> | line 86 | Logging system initialized.
2025-12-26 13:13:57,608 | INFO | transform.daily_record_transformer | transform | line 68 | [DailyRecordTransformer] Transformation complete.
2025-12-26 13:14:43,282 | INFO | ETL | <module> | line 86 | Logging system initialized.
2025-12-26 13:14:46,711 | INFO | transform.daily_record_transformer | transform | line 68 | [DailyRecordTransformer] Transformation complete.
2025-12-26 13:16:31,037 | INFO | ETL | <module> | line 86 | Logging system initialized.
2025-12-26 13:16:34,133 | INFO | transform.daily_record_transformer | transform | line 68 | [DailyRecordTransformer] Transformation complete.
2025-12-26 13:24:36,331 | INFO | ETL | <module> | line 86 | Logging system initialized.
2025-12-26 13:26:09,179 | INFO | ETL | <module> | line 86 | Logging system initialized.
2025-12-26 13:26:37,051 | INFO | ETL | <module> | line 86 | Logging system initialized.
2025-12-26 13:28:02,424 | INFO | ETL | <module> | line 86 | Logging system initialized.
2025-12-26 13:30:20,748 | INFO | ETL | <module> | line 86 | Logging system initialized.
2025-12-26 13:33:13,906 | INFO | ETL | <module> | line 86 | Logging system initialized.
2025-12-26 13:33:40,778 | INFO | ETL | <module> | line 86 | Logging system initialized.
2025-12-26 13:35:42,519 | INFO | ETL | <module> | line 86 | Logging system initialized.
2025-12-26 13:36:00,315 | INFO | ETL | <module> | line 86 | Logging system initialized.
2025-12-26 13:41:31,800 | INFO | ETL | <module> | line 86 | Logging system initialized.
2025-12-26 13:41:35,033 | INFO | transform.daily_record_transformer | transform | line 68 | [DailyRecordTransformer] Transformation complete.
2025-12-26 13:42:48,071 | INFO | ETL | <module> | line 86 | Logging system initialized.
2025-12-26 13:42:51,024 | INFO | transform.daily_record_transformer | transform | line 68 | [DailyRecordTransformer] Transformation complete.
2025-12-26 13:44:18,337 | INFO | ETL | <module> | line 86 | Logging system initialized.
2025-12-26 13:44:21,102 | INFO | transform.daily_record_transformer | transform | line 68 | [DailyRecordTransformer] Transformation complete.
2025-12-26 13:45:45,034 | INFO | ETL | <module> | line 86 | Logging system initialized.
2025-12-26 13:45:47,762 | INFO | transform.daily_record_transformer | transform | line 68 | [DailyRecordTransformer] Transformation complete.
2025-12-26 13:52:59,535 | INFO | ETL | <module> | line 86 | Logging system initialized.
2025-12-26 13:53:01,999 | INFO | transform.daily_record_transformer | transform | line 68 | [DailyRecordTransformer] Transformation complete.
2025-12-26 14:00:14,347 | INFO | ETL | <module> | line 86 | Logging system initialized.
2025-12-26 14:00:16,778 | INFO | transform.daily_record_transformer | transform | line 68 | [DailyRecordTransformer] Transformation complete.
2025-12-26 14:05:37,653 | INFO | ETL | <module> | line 86 | Logging system initialized.
2025-12-26 14:05:39,945 | INFO | transform.daily_record_transformer | transform | line 68 | [DailyRecordTransformer] Transformation complete.
2025-12-26 14:06:45,889 | INFO | ETL | <module> | line 86 | Logging system initialized.
2025-12-26 14:06:48,015 | INFO | transform.daily_record_transformer | transform | line 68 | [DailyRecordTransformer] Transformation complete.
2025-12-26 14:08:37,353 | INFO | ETL | <module> | line 86 | Logging system initialized.
2025-12-26 14:08:39,214 | INFO | transform.daily_record_transformer | transform | line 68 | [DailyRecordTransformer] Transformation complete.
2025-12-26 14:19:58,112 | INFO | ETL | <module> | line 86 | Logging system initialized.
2025-12-26 14:20:00,635 | INFO | transform.daily_record_transformer | transform | line 68 | [DailyRecordTransformer] Transformation complete.
2025-12-26 15:09:49,960 | INFO | ETL | <module> | line 86 | Logging system initialized.
2025-12-26 15:09:51,717 | INFO | transform.daily_record_transformer | transform | line 68 | [DailyRecordTransformer] Transformation complete.
2025-12-26 15:13:05,531 | INFO | ETL | <module> | line 86 | Logging system initialized.
2025-12-26 15:13:07,189 | INFO | transform.daily_record_transformer | transform | line 52 | [DailyRecordTransformer] Transformation complete.
2025-12-26 15:47:04,504 | INFO | ETL | <module> | line 86 | Logging system initialized.
2025-12-26 15:47:08,008 | INFO | transform.daily_record_transformer | transform | line 53 | [DailyRecordTransformer] Transformation complete.
2025-12-26 15:50:16,863 | INFO | ETL | <module> | line 86 | Logging system initialized.
2025-12-26 15:50:20,106 | INFO | transform.daily_record_transformer | transform | line 53 | [DailyRecordTransformer] Transformation complete.
2025-12-26 15:55:56,601 | INFO | ETL | <module> | line 86 | Logging system initialized.
2025-12-26 15:56:00,481 | INFO | transform.daily_record_transformer | transform | line 53 | [DailyRecordTransformer] Transformation complete.
2025-12-26 16:01:32,076 | INFO | ETL | <module> | line 86 | Logging system initialized.
2025-12-26 16:01:35,820 | INFO | transform.daily_record_transformer | transform | line 53 | [DailyRecordTransformer] Transformation complete.
2025-12-26 16:01:53,510 | INFO | ETL | <module> | line 86 | Logging system initialized.
2025-12-26 16:01:56,875 | INFO | transform.daily_record_transformer | transform | line 68 | [DailyRecordTransformer] Transformation complete.
2025-12-26 16:05:08,958 | INFO | ETL | <module> | line 86 | Logging system initialized.
2025-12-26 16:07:04,576 | INFO | ETL | <module> | line 86 | Logging system initialized.
2025-12-26 16:07:07,852 | INFO | transform.expenses_transformer | transform | line 60 | [ExpensesTransformer] Transformation complete.
2025-12-26 16:10:30,402 | INFO | ETL | <module> | line 86 | Logging system initialized.
2025-12-26 16:10:33,579 | INFO | transform.expenses_transformer | transform | line 60 | [ExpensesTransformer] Transformation complete.
2025-12-26 16:11:10,934 | INFO | ETL | <module> | line 86 | Logging system initialized.
2025-12-26 16:11:14,116 | INFO | transform.expenses_transformer | transform | line 60 | [ExpensesTransformer] Transformation complete.
2025-12-26 16:17:29,290 | INFO | ETL | <module> | line 86 | Logging system initialized.
2025-12-26 16:23:53,246 | INFO | ETL | <module> | line 86 | Logging system initialized.
2025-12-26 16:29:05,545 | INFO | ETL | <module> | line 86 | Logging system initialized.
2025-12-26 16:29:09,384 | INFO | transform.expenses_transformer | transform | line 60 | [ExpensesTransformer] Transformation complete.
2025-12-26 16:35:28,651 | INFO | ETL | <module> | line 86 | Logging system initialized.
2025-12-26 16:35:32,010 | INFO | transform.inventory_transformer | transform | line 51 | [InventoryTransformer] Transformation complete.
2025-12-26 16:41:19,239 | INFO | ETL | <module> | line 86 | Logging system initialized.
2025-12-26 16:41:23,096 | INFO | transform.kpi_target_transformer | transform | line 37 | [KPITargetTransformer] Transformation complete.
2025-12-26 16:43:19,534 | INFO | ETL | <module> | line 86 | Logging system initialized.
2025-12-26 16:43:22,191 | INFO | transform.weekly_check_transformer | transform | line 40 | [WeeklyCheckTransformer] Transformation complete.
2025-12-26 16:46:55,704 | INFO | ETL | <module> | line 86 | Logging system initialized.
2025-12-26 16:46:58,531 | INFO | transform.weekly_check_transformer | transform | line 40 | [WeeklyCheckTransformer] Transformation complete.
2025-12-26 16:50:02,223 | INFO | ETL | <module> | line 86 | Logging system initialized.
2025-12-26 16:50:05,680 | INFO | transform.daily_record_transformer | transform | line 68 | [DailyRecordTransformer] Transformation complete.
2025-12-26 16:50:08,867 | INFO | transform.expenses_transformer | transform | line 60 | [ExpensesTransformer] Transformation complete.
2025-12-26 16:50:12,068 | INFO | transform.inventory_transformer | transform | line 51 | [InventoryTransformer] Transformation complete.
2025-12-26 16:50:15,160 | INFO | transform.kpi_target_transformer | transform | line 37 | [KPITargetTransformer] Transformation complete.
2025-12-26 16:50:18,262 | INFO | transform.weekly_check_transformer | transform | line 40 | [WeeklyCheckTransformer] Transformation complete.
2025-12-26 16:50:39,001 | INFO | ETL | <module> | line 86 | Logging system initialized.
2025-12-26 16:50:41,833 | INFO | transform.daily_record_transformer | transform | line 68 | [DailyRecordTransformer] Transformation complete.
2025-12-26 16:50:44,397 | INFO | transform.expenses_transformer | transform | line 60 | [ExpensesTransformer] Transformation complete.
2025-12-26 16:50:47,560 | INFO | transform.inventory_transformer | transform | line 51 | [InventoryTransformer] Transformation complete.
2025-12-26 16:50:50,644 | INFO | transform.kpi_target_transformer | transform | line 37 | [KPITargetTransformer] Transformation complete.
2025-12-26 16:50:53,702 | INFO | transform.weekly_check_transformer | transform | line 40 | [WeeklyCheckTransformer] Transformation complete.
2025-12-26 18:01:39,159 | INFO | ETL | <module> | line 86 | Logging system initialized.
2025-12-26 18:01:42,623 | INFO | transform.daily_record_transformer | transform | line 68 | [DailyRecordTransformer] Transformation complete.
2025-12-26 18:01:45,620 | INFO | transform.expenses_transformer | transform | line 60 | [ExpensesTransformer] Transformation complete.
2025-12-26 18:01:48,193 | INFO | transform.inventory_transformer | transform | line 51 | [InventoryTransformer] Transformation complete.
2025-12-26 18:01:51,234 | INFO | transform.kpi_target_transformer | transform | line 37 | [KPITargetTransformer] Transformation complete.
2025-12-26 18:01:54,229 | INFO | transform.weekly_check_transformer | transform | line 40 | [WeeklyCheckTransformer] Transformation complete.
2025-12-26 18:05:43,525 | INFO | ETL | <module> | line 86 | Logging system initialized.
2025-12-26 18:05:46,893 | INFO | transform.daily_record_transformer | transform | line 68 | [DailyRecordTransformer] Transformation complete.
2025-12-26 18:05:49,577 | INFO | transform.expenses_transformer | transform | line 60 | [ExpensesTransformer] Transformation complete.
2025-12-26 18:05:52,656 | INFO | transform.inventory_transformer | transform | line 51 | [InventoryTransformer] Transformation complete.
2025-12-26 18:05:55,729 | INFO | transform.kpi_target_transformer | transform | line 37 | [KPITargetTransformer] Transformation complete.
2025-12-26 18:05:58,676 | INFO | transform.weekly_check_transformer | transform | line 40 | [WeeklyCheckTransformer] Transformation complete.
2025-12-26 18:25:52,405 | INFO | ETL | <module> | line 86 | Logging system initialized.
2025-12-26 18:25:55,384 | INFO | transform.daily_record_transformer | transform | line 68 | [DailyRecordTransformer] Transformation complete.
2025-12-26 18:25:57,884 | INFO | transform.expenses_transformer | transform | line 60 | [ExpensesTransformer] Transformation complete.
2025-12-26 18:26:00,453 | INFO | transform.inventory_transformer | transform | line 51 | [InventoryTransformer] Transformation complete.
2025-12-26 18:26:03,408 | INFO | transform.kpi_target_transformer | transform | line 37 | [KPITargetTransformer] Transformation complete.
2025-12-26 18:26:05,894 | INFO | transform.weekly_check_transformer | transform | line 40 | [WeeklyCheckTransformer] Transformation complete.
2025-12-26 18:48:25,389 | INFO | ETL | <module> | line 86 | Logging system initialized.
2025-12-26 18:48:29,283 | INFO | transform.daily_record_transformer | transform | line 78 | [DailyRecordTransformer] Transformation complete.
2025-12-26 18:50:57,064 | INFO | ETL | <module> | line 86 | Logging system initialized.
2025-12-26 18:50:59,894 | INFO | transform.daily_record_transformer | transform | line 78 | [DailyRecordTransformer] Transformation complete.
2025-12-26 18:55:20,545 | INFO | ETL | <module> | line 86 | Logging system initialized.
2025-12-26 18:55:24,099 | INFO | transform.daily_record_transformer | transform | line 78 | [DailyRecordTransformer] Transformation complete.
2025-12-26 18:58:06,776 | INFO | ETL | <module> | line 86 | Logging system initialized.
2025-12-26 18:58:09,983 | INFO | transform.daily_record_transformer | transform | line 78 | [DailyRecordTransformer] Transformation complete.
2025-12-26 18:59:35,453 | INFO | ETL | <module> | line 86 | Logging system initialized.
2025-12-26 18:59:38,639 | INFO | transform.daily_record_transformer | transform | line 78 | [DailyRecordTransformer] Transformation complete.
2025-12-26 19:06:36,758 | INFO | ETL | <module> | line 86 | Logging system initialized.
2025-12-26 19:06:40,857 | INFO | transform.daily_record_transformer | transform | line 78 | [DailyRecordTransformer] Transformation complete.
2025-12-26 19:13:19,141 | INFO | ETL | <module> | line 86 | Logging system initialized.
2025-12-26 19:13:23,128 | INFO | transform.daily_record_transformer | transform | line 79 | [DailyRecordTransformer] Transformation complete.
2025-12-26 19:13:41,646 | INFO | ETL | <module> | line 86 | Logging system initialized.
2025-12-26 19:13:44,901 | INFO | transform.daily_record_transformer | transform | line 79 | [DailyRecordTransformer] Transformation complete.
2025-12-26 19:14:53,371 | INFO | ETL | <module> | line 86 | Logging system initialized.
2025-12-26 19:14:57,013 | INFO | transform.daily_record_transformer | transform | line 79 | [DailyRecordTransformer] Transformation complete.
2025-12-26 19:22:14,388 | INFO | ETL | <module> | line 86 | Logging system initialized.
2025-12-26 19:22:18,125 | INFO | transform.expenses_transformer | transform | line 72 | [ExpensesTransformer] Transformation complete.
2025-12-26 19:43:28,145 | INFO | ETL | <module> | line 86 | Logging system initialized.
2025-12-26 19:43:31,005 | INFO | transform.expenses_transformer | transform | line 71 | [ExpensesTransformer] Transformation complete.
2025-12-26 19:52:21,633 | INFO | ETL | <module> | line 86 | Logging system initialized.
2025-12-26 19:52:25,010 | INFO | transform.inventory_transformer | transform | line 50 | [InventoryTransformer] Columns after normalization: ['', 'item_no.', 'name', 'manufacturer', 'description', 'cost_per_item', 'stock_quantity', 'inventory_value', 'reorder_level', 'date_purchased', 'location', 'item_discontinued?', 'item_photo', '', '', '', '', '', '', '', '', '', '', '', '', '']
2025-12-26 19:52:25,035 | INFO | transform.inventory_transformer | transform | line 63 | [InventoryTransformer] Transformation complete.
2025-12-26 20:09:27,140 | INFO | ETL | <module> | line 86 | Logging system initialized.
2025-12-26 20:09:30,945 | INFO | transform.inventory_transformer | transform | line 50 | [InventoryTransformer] Columns after normalization: ['', 'item_no.', 'name', 'manufacturer', 'description', 'cost_per_item', 'stock_quantity', 'inventory_value', 'reorder_level', 'date_purchased', 'location', 'item_discontinued?', 'item_photo', '', '', '', '', '', '', '', '', '', '', '', '', '']
2025-12-26 20:09:31,008 | INFO | transform.inventory_transformer | transform | line 63 | [InventoryTransformer] Transformation complete.
2025-12-26 20:13:53,544 | INFO | ETL | <module> | line 86 | Logging system initialized.
2025-12-26 20:13:56,465 | INFO | transform.inventory_transformer | transform | line 51 | [InventoryTransformer] Columns after normalization: ['', 'item_no.', 'name', 'manufacturer', 'description', 'cost', 'quantity', 'inventory_value', 'reorder_level', 'date_purchased', 'location', 'item_discontinued?', 'item_photo', '', '', '', '', '', '', '', '', '', '', '', '', '']
2025-12-26 20:13:56,534 | INFO | transform.inventory_transformer | transform | line 64 | [InventoryTransformer] Transformation complete.
2025-12-26 20:18:11,003 | INFO | ETL | <module> | line 86 | Logging system initialized.
2025-12-26 20:18:13,992 | INFO | transform.inventory_transformer | transform | line 51 | [InventoryTransformer] Columns after normalization: ['', 'item_no.', 'name', 'manufacturer', 'description', 'cost', 'quantity', 'inventory_value', 'reorder_level', 'date_purchased', 'location', 'item_discontinued?', 'item_photo', '', '', '', '', '', '', '', '', '', '', '', '', '']
2025-12-26 20:18:14,051 | INFO | transform.inventory_transformer | transform | line 64 | [InventoryTransformer] Transformation complete.
2025-12-26 20:25:41,999 | INFO | ETL | <module> | line 86 | Logging system initialized.
2025-12-26 20:25:45,271 | INFO | transform.inventory_transformer | transform | line 51 | [InventoryTransformer] Columns after normalization: ['', 'category', 'name', 'manufacturer', 'description', 'cost', 'quantity', 'inventory_value', 'reorder_level', 'date_purchased', 'location', 'item_discontinued?', 'item_photo', '', '', '', '', '', '', '', '', '', '', '', '', '']
2025-12-26 20:25:45,371 | INFO | transform.inventory_transformer | transform | line 64 | [InventoryTransformer] Transformation complete.
2025-12-26 20:28:56,438 | INFO | ETL | <module> | line 86 | Logging system initialized.
2025-12-26 20:28:58,803 | INFO | transform.weekly_check_transformer | transform | line 40 | [WeeklyCheckTransformer] Transformation complete.
2025-12-26 20:45:08,523 | INFO | ETL | <module> | line 86 | Logging system initialized.
2025-12-26 20:45:14,076 | INFO | transform.weekly_check_transformer | transform | line 51 | [WeeklyCheckTransformer] Transformation complete.
2025-12-26 20:46:47,508 | INFO | ETL | <module> | line 86 | Logging system initialized.
2025-12-26 20:46:51,960 | INFO | transform.weekly_check_transformer | transform | line 51 | [WeeklyCheckTransformer] Transformation complete.
2025-12-26 20:53:11,811 | INFO | ETL | <module> | line 86 | Logging system initialized.
2025-12-26 20:53:16,470 | INFO | transform.weekly_check_transformer | transform | line 50 | [WeeklyCheckTransformer] Transformation complete.
2025-12-26 20:58:21,715 | INFO | ETL | <module> | line 86 | Logging system initialized.
2025-12-26 20:58:26,992 | INFO | transform.daily_record_transformer | transform | line 78 | [DailyRecordTransformer] Transformation complete.
2025-12-26 20:58:30,842 | INFO | transform.expenses_transformer | transform | line 70 | [ExpensesTransformer] Transformation complete.
2025-12-26 20:58:34,928 | INFO | transform.inventory_transformer | transform | line 51 | [InventoryTransformer] Columns after normalization: ['', 'category', 'name', 'manufacturer', 'description', 'cost', 'quantity', 'inventory_value', 'reorder_level', 'date_purchased', 'location', 'item_discontinued?', 'item_photo', '', '', '', '', '', '', '', '', '', '', '', '', '']
2025-12-26 20:58:34,989 | INFO | transform.inventory_transformer | transform | line 64 | [InventoryTransformer] Transformation complete.
2025-12-26 20:58:38,373 | INFO | transform.weekly_check_transformer | transform | line 50 | [WeeklyCheckTransformer] Transformation complete.
2025-12-26 21:01:14,763 | INFO | ETL | <module> | line 86 | Logging system initialized.
2025-12-26 21:01:19,283 | INFO | transform.daily_record_transformer | transform | line 78 | [DailyRecordTransformer] Transformation complete.
2025-12-26 21:01:23,604 | INFO | transform.expenses_transformer | transform | line 70 | [ExpensesTransformer] Transformation complete.
2025-12-26 21:01:27,375 | INFO | transform.inventory_transformer | transform | line 51 | [InventoryTransformer] Columns after normalization: ['', 'category', 'name', 'manufacturer', 'description', 'cost', 'quantity', 'inventory_value', 'reorder_level', 'date_purchased', 'location', 'item_discontinued?', 'item_photo', '', '', '', '', '', '', '', '', '', '', '', '', '']
2025-12-26 21:01:27,497 | INFO | transform.inventory_transformer | transform | line 64 | [InventoryTransformer] Transformation complete.
2025-12-26 21:01:31,793 | INFO | transform.weekly_check_transformer | transform | line 50 | [WeeklyCheckTransformer] Transformation complete.
2025-12-26 21:02:51,507 | INFO | ETL | <module> | line 86 | Logging system initialized.
2025-12-26 21:02:55,856 | INFO | transform.daily_record_transformer | transform | line 78 | [DailyRecordTransformer] Transformation complete.
2025-12-26 21:02:59,444 | INFO | transform.expenses_transformer | transform | line 70 | [ExpensesTransformer] Transformation complete.
2025-12-26 21:03:03,738 | INFO | transform.inventory_transformer | transform | line 51 | [InventoryTransformer] Columns after normalization: ['', 'category', 'name', 'manufacturer', 'description', 'cost', 'quantity', 'inventory_value', 'reorder_level', 'date_purchased', 'location', 'item_discontinued?', 'item_photo', '', '', '', '', '', '', '', '', '', '', '', '', '']
2025-12-26 21:03:03,849 | INFO | transform.inventory_transformer | transform | line 64 | [InventoryTransformer] Transformation complete.
2025-12-26 21:03:07,570 | INFO | transform.weekly_check_transformer | transform | line 50 | [WeeklyCheckTransformer] Transformation complete.
2025-12-26 21:08:12,121 | INFO | ETL | <module> | line 86 | Logging system initialized.
2025-12-26 21:08:18,103 | INFO | transform.daily_record_transformer | transform | line 78 | [DailyRecordTransformer] Transformation complete.
2025-12-26 21:08:23,023 | INFO | transform.expenses_transformer | transform | line 70 | [ExpensesTransformer] Transformation complete.
2025-12-26 21:08:27,412 | INFO | transform.inventory_transformer | transform | line 51 | [InventoryTransformer] Columns after normalization: ['', 'category', 'name', 'manufacturer', 'description', 'cost', 'quantity', 'inventory_value', 'reorder_level', 'date_purchased', 'location', 'item_discontinued?', 'item_photo', '', '', '', '', '', '', '', '', '', '', '', '', '']
2025-12-26 21:08:27,486 | INFO | transform.inventory_transformer | transform | line 64 | [InventoryTransformer] Transformation complete.
2025-12-26 21:08:32,432 | INFO | transform.weekly_check_transformer | transform | line 50 | [WeeklyCheckTransformer] Transformation complete.
2025-12-26 21:09:39,736 | INFO | ETL | <module> | line 86 | Logging system initialized.
2025-12-26 21:09:44,451 | INFO | transform.daily_record_transformer | transform | line 78 | [DailyRecordTransformer] Transformation complete.
2025-12-26 21:13:04,332 | INFO | ETL | <module> | line 86 | Logging system initialized.
2025-12-26 21:13:09,988 | INFO | transform.daily_record_transformer | transform | line 78 | [DailyRecordTransformer] Transformation complete.
2025-12-26 21:15:22,415 | INFO | ETL | <module> | line 86 | Logging system initialized.
2025-12-26 21:15:28,234 | INFO | transform.daily_record_transformer | transform | line 78 | [DailyRecordTransformer] Transformation complete.
2025-12-26 21:21:33,301 | INFO | ETL | <module> | line 86 | Logging system initialized.
2025-12-26 21:21:39,090 | INFO | transform.daily_record_transformer | transform | line 78 | [DailyRecordTransformer] Transformation complete.
2025-12-26 21:35:15,579 | INFO | ETL | <module> | line 86 | Logging system initialized.
2025-12-26 21:35:20,416 | INFO | transform.daily_record_transformer | transform | line 78 | [DailyRecordTransformer] Transformation complete.
2025-12-26 21:42:13,836 | INFO | ETL | <module> | line 86 | Logging system initialized.
2025-12-26 21:42:18,751 | INFO | transform.daily_record_transformer | transform | line 78 | [DailyRecordTransformer] Transformation complete.
2025-12-26 21:44:26,566 | INFO | ETL | <module> | line 86 | Logging system initialized.
2025-12-26 21:44:31,771 | INFO | transform.daily_record_transformer | transform | line 78 | [DailyRecordTransformer] Transformation complete.
2025-12-26 21:51:21,979 | INFO | ETL | <module> | line 86 | Logging system initialized.
2025-12-26 21:51:28,044 | INFO | transform.daily_record_transformer | transform | line 78 | [DailyRecordTransformer] Transformation complete.
2025-12-26 21:53:47,136 | INFO | ETL | <module> | line 86 | Logging system initialized.
2025-12-26 21:53:50,995 | INFO | transform.daily_record_transformer | transform | line 78 | [DailyRecordTransformer] Transformation complete.
2025-12-26 21:54:42,989 | INFO | ETL | <module> | line 86 | Logging system initialized.
2025-12-26 21:54:47,517 | INFO | transform.daily_record_transformer | transform | line 78 | [DailyRecordTransformer] Transformation complete.
2025-12-26 21:57:34,098 | INFO | ETL | <module> | line 86 | Logging system initialized.
2025-12-26 21:57:38,280 | INFO | transform.daily_record_transformer | transform | line 78 | [DailyRecordTransformer] Transformation complete.
2025-12-26 21:58:27,166 | INFO | ETL | <module> | line 86 | Logging system initialized.
2025-12-26 21:58:31,255 | INFO | transform.daily_record_transformer | transform | line 78 | [DailyRecordTransformer] Transformation complete.
2025-12-26 22:03:52,480 | INFO | ETL | <module> | line 86 | Logging system initialized.
2025-12-26 22:03:57,255 | INFO | transform.daily_record_transformer | transform | line 78 | [DailyRecordTransformer] Transformation complete.
2025-12-26 22:07:34,119 | INFO | ETL | <module> | line 86 | Logging system initialized.
2025-12-26 22:07:38,097 | INFO | transform.daily_record_transformer | transform | line 78 | [DailyRecordTransformer] Transformation complete.
2025-12-26 22:08:55,880 | INFO | ETL | <module> | line 86 | Logging system initialized.
2025-12-26 22:09:00,566 | INFO | transform.daily_record_transformer | transform | line 78 | [DailyRecordTransformer] Transformation complete.
2025-12-26 22:18:25,916 | INFO | ETL | <module> | line 86 | Logging system initialized.
2025-12-26 22:18:32,061 | INFO | transform.daily_record_transformer | transform | line 78 | [DailyRecordTransformer] Transformation complete.
2025-12-26 22:25:53,505 | INFO | ETL | <module> | line 86 | Logging system initialized.
2025-12-26 22:25:57,701 | INFO | transform.daily_record_transformer | transform | line 78 | [DailyRecordTransformer] Transformation complete.
2025-12-26 22:28:08,053 | INFO | ETL | <module> | line 86 | Logging system initialized.
2025-12-26 22:28:10,971 | INFO | transform.daily_record_transformer | transform | line 78 | [DailyRecordTransformer] Transformation complete.
2025-12-26 22:30:54,500 | INFO | ETL | <module> | line 86 | Logging system initialized.
2025-12-26 22:30:58,076 | INFO | transform.daily_record_transformer | transform | line 78 | [DailyRecordTransformer] Transformation complete.
2025-12-26 22:39:18,710 | INFO | ETL | <module> | line 86 | Logging system initialized.
2025-12-26 22:39:22,502 | INFO | transform.daily_record_transformer | transform | line 78 | [DailyRecordTransformer] Transformation complete.
2025-12-26 22:42:04,572 | INFO | ETL | <module> | line 86 | Logging system initialized.
2025-12-26 22:42:07,985 | INFO | transform.daily_record_transformer | transform | line 78 | [DailyRecordTransformer] Transformation complete.
2025-12-26 22:45:03,133 | INFO | ETL | <module> | line 86 | Logging system initialized.
2025-12-26 22:45:06,231 | INFO | transform.daily_record_transformer | transform | line 78 | [DailyRecordTransformer] Transformation complete.
2025-12-26 22:50:52,189 | INFO | ETL | <module> | line 86 | Logging system initialized.
2025-12-26 22:50:55,955 | INFO | transform.daily_record_transformer | transform | line 78 | [DailyRecordTransformer] Transformation complete.
2025-12-26 22:54:07,806 | INFO | ETL | <module> | line 86 | Logging system initialized.
2025-12-26 22:54:10,663 | INFO | transform.daily_record_transformer | transform | line 78 | [DailyRecordTransformer] Transformation complete.
2025-12-26 22:54:10,664 | INFO | transform.daily_record_transformer | transform | line 90 | [DailyRecordTransformer] Dropped 721 rows with > 50% missing data.
2025-12-26 23:01:42,315 | INFO | ETL | <module> | line 86 | Logging system initialized.
2025-12-26 23:01:45,457 | INFO | transform.daily_record_transformer | transform | line 80 | [DailyRecordTransformer] Transformation complete.
2025-12-26 23:01:45,460 | INFO | transform.daily_record_transformer | transform | line 92 | [DailyRecordTransformer] Dropped 721 rows with > 50% missing data.
2025-12-26 23:04:48,362 | INFO | ETL | <module> | line 86 | Logging system initialized.
2025-12-26 23:04:51,638 | INFO | transform.daily_record_transformer | transform | line 80 | [DailyRecordTransformer] Transformation complete.
2025-12-26 23:04:51,642 | INFO | transform.daily_record_transformer | transform | line 92 | [DailyRecordTransformer] Dropped 721 rows with > 50% missing data.
2025-12-26 23:07:28,572 | INFO | ETL | <module> | line 86 | Logging system initialized.
2025-12-26 23:07:32,498 | INFO | transform.daily_record_transformer | transform | line 80 | [DailyRecordTransformer] Transformation complete.
2025-12-26 23:07:32,503 | INFO | transform.daily_record_transformer | transform | line 92 | [DailyRecordTransformer] Dropped 721 rows with > 50% missing data.
2025-12-26 23:08:44,116 | INFO | ETL | <module> | line 86 | Logging system initialized.
2025-12-26 23:08:47,044 | INFO | transform.daily_record_transformer | transform | line 80 | [DailyRecordTransformer] Transformation complete.
2025-12-26 23:08:47,047 | INFO | transform.daily_record_transformer | transform | line 92 | [DailyRecordTransformer] Dropped 721 rows with > 50% missing data.
2025-12-26 23:09:58,562 | INFO | ETL | <module> | line 86 | Logging system initialized.
2025-12-26 23:10:02,587 | INFO | transform.daily_record_transformer | transform | line 80 | [DailyRecordTransformer] Transformation complete.
2025-12-26 23:10:02,591 | INFO | transform.daily_record_transformer | transform | line 92 | [DailyRecordTransformer] Dropped 721 rows with > 50% missing data.
2025-12-26 23:11:24,880 | INFO | ETL | <module> | line 86 | Logging system initialized.
2025-12-26 23:11:28,173 | INFO | transform.daily_record_transformer | transform | line 80 | [DailyRecordTransformer] Transformation complete.
2025-12-26 23:11:28,177 | INFO | transform.daily_record_transformer | transform | line 92 | [DailyRecordTransformer] Dropped 721 rows with > 50% missing data.
